<?xml version="1.0" encoding="UTF-8"?>
<testng-results ignored="0" total="1" passed="1" failed="0" skipped="0">
  <reporter-output>
  </reporter-output>
  <suite started-at="2024-01-10T07:52:33 GMT" name="Default suite" finished-at="2024-01-10T07:52:35 GMT" duration-ms="2535">
    <groups>
    </groups>
    <test started-at="2024-01-10T07:52:33 GMT" name="Default test" finished-at="2024-01-10T07:52:35 GMT" duration-ms="2535">
      <class name="seleniumPackage.Assertion1">
        <test-method signature="testcase1()[pri:0, instance:seleniumPackage.Assertion1@593aaf41]" started-at="2024-01-10T07:52:33 GMT" name="testcase1" finished-at="2024-01-10T07:52:35 GMT" duration-ms="2501" status="PASS">
          <reporter-output>
          </reporter-output>
        </test-method> <!-- testcase1 -->
      </class> <!-- seleniumPackage.Assertion1 -->
    </test> <!-- Default test -->
  </suite> <!-- Default suite -->
</testng-results>
